<?xml version="1.0" encoding="UTF-8"?>
<!-- Generated by org.testng.reporters.JUnitReportReporter -->
<testsuite hostname="GBLNB-PG034KGC" failures="0" tests="1" name="git.TestGit" time="0.010" errors="0" timestamp="2022-11-18T15:26:17 IST" skipped="0">
  <testcase classname="git.TestGit" name="f" time="0.010"/>
  <system-out/>
</testsuite> <!-- git.TestGit -->
